<?xml version="1.0" encoding="UTF-8"?>
<testsuite xmlns:xsi="http://www.w3.org/2001/XMLSchema-instance" xsi:noNamespaceSchemaLocation="https://maven.apache.org/surefire/maven-surefire-plugin/xsd/surefire-test-report-3.0.xsd" version="3.0" name="com.example.bank.service.impl.TransactionServiceTest" time="0.325" tests="7" errors="0" skipped="0" failures="0">
  <properties>
[...]
</properties>
  <testcase name="testWithdraw_AccountNotFound_ThrowsSQLException" classname="com.example.bank.service.impl.TransactionServiceTest" time="0.197"/>
  <testcase name="testDeposit_Success" classname="com.example.bank.service.impl.TransactionServiceTest" time="0.027"/>
  <testcase name="testTransfer_Success" classname="com.example.bank.service.impl.TransactionServiceTest" time="0.027"/>
  <testcase name="testWithdraw_Success" classname="com.example.bank.service.impl.TransactionServiceTest" time="0.017"/>
  <testcase name="testTransfer_InsufficientFundsCheck_ThrowsException" classname="com.example.bank.service.impl.TransactionServiceTest" time="0.017"/>
  <testcase name="testWithdraw_InsufficientFunds_ThrowsException" classname="com.example.bank.service.impl.TransactionServiceTest" time="0.012"/>
  <testcase name="testTransfer_ReceiverNotFound_RollsBack" classname="com.example.bank.service.impl.TransactionServiceTest" time="0.01"/>
</testsuite>